  Game.cpp
e:\csci_270_git_repositories\lahacks\lab04\game.cpp(95): warning C4018: '<': signed/unsigned mismatch
e:\csci_270_git_repositories\lahacks\lab04\game.cpp(105): warning C4244: 'initializing': conversion from 'double' to 'float', possible loss of data
e:\csci_270_git_repositories\lahacks\lab04\game.cpp(108): warning C4305: '=': truncation from 'double' to 'float'
e:\csci_270_git_repositories\lahacks\lab04\game.cpp(112): warning C4018: '<': signed/unsigned mismatch
e:\csci_270_git_repositories\lahacks\lab04\game.cpp(116): warning C4018: '<': signed/unsigned mismatch
e:\csci_270_git_repositories\lahacks\lab04\game.cpp(131): warning C4018: '<': signed/unsigned mismatch
e:\csci_270_git_repositories\lahacks\lab04\game.cpp(166): warning C4305: 'argument': truncation from 'double' to 'float'
e:\csci_270_git_repositories\lahacks\lab04\game.cpp(279): warning C4018: '<': signed/unsigned mismatch
e:\csci_270_git_repositories\lahacks\lab04\game.cpp(283): warning C4244: 'argument': conversion from 'int' to 'float', possible loss of data
e:\csci_270_git_repositories\lahacks\lab04\game.cpp(287): warning C4244: 'argument': conversion from 'int' to 'float', possible loss of data
e:\csci_270_git_repositories\lahacks\lab04\game.cpp(292): warning C4244: 'argument': conversion from 'int' to 'float', possible loss of data
e:\csci_270_git_repositories\lahacks\lab04\game.cpp(297): warning C4244: 'argument': conversion from 'int' to 'float', possible loss of data
e:\csci_270_git_repositories\lahacks\lab04\game.cpp(301): warning C4244: 'argument': conversion from 'int' to 'float', possible loss of data
e:\csci_270_git_repositories\lahacks\lab04\game.cpp(306): warning C4244: 'argument': conversion from 'int' to 'float', possible loss of data
e:\csci_270_git_repositories\lahacks\lab04\game.cpp(311): warning C4244: 'argument': conversion from 'int' to 'float', possible loss of data
e:\csci_270_git_repositories\lahacks\lab04\game.cpp(316): warning C4244: 'argument': conversion from 'int' to 'float', possible loss of data
e:\csci_270_git_repositories\lahacks\lab04\game.cpp(321): warning C4244: 'argument': conversion from 'int' to 'float', possible loss of data
e:\csci_270_git_repositories\lahacks\lab04\game.cpp(326): warning C4244: 'argument': conversion from 'int' to 'float', possible loss of data
e:\csci_270_git_repositories\lahacks\lab04\game.cpp(331): warning C4244: 'argument': conversion from 'int' to 'float', possible loss of data
e:\csci_270_git_repositories\lahacks\lab04\game.cpp(336): warning C4244: 'argument': conversion from 'int' to 'float', possible loss of data
e:\csci_270_git_repositories\lahacks\lab04\game.cpp(342): warning C4244: 'argument': conversion from 'int' to 'float', possible loss of data
  Game.vcxproj -> E:\CSCI_270_GIT_Repositories\LAHacks\Lab04\Debug\Game.exe
  E:\CSCI_270_GIT_Repositories\LAHacks\Lab04\\..\Libraries\SDL\lib\win\x86\libfreetype-6.dll
  E:\CSCI_270_GIT_Repositories\LAHacks\Lab04\\..\Libraries\SDL\lib\win\x86\libogg-0.dll
  E:\CSCI_270_GIT_Repositories\LAHacks\Lab04\\..\Libraries\SDL\lib\win\x86\libpng16-16.dll
  E:\CSCI_270_GIT_Repositories\LAHacks\Lab04\\..\Libraries\SDL\lib\win\x86\libvorbis-0.dll
  E:\CSCI_270_GIT_Repositories\LAHacks\Lab04\\..\Libraries\SDL\lib\win\x86\libvorbisfile-3.dll
  E:\CSCI_270_GIT_Repositories\LAHacks\Lab04\\..\Libraries\SDL\lib\win\x86\SDL2.dll
  E:\CSCI_270_GIT_Repositories\LAHacks\Lab04\\..\Libraries\SDL\lib\win\x86\SDL2_image.dll
  E:\CSCI_270_GIT_Repositories\LAHacks\Lab04\\..\Libraries\SDL\lib\win\x86\SDL2_mixer.dll
  E:\CSCI_270_GIT_Repositories\LAHacks\Lab04\\..\Libraries\SDL\lib\win\x86\SDL2_ttf.dll
  E:\CSCI_270_GIT_Repositories\LAHacks\Lab04\\..\Libraries\SDL\lib\win\x86\zlib1.dll
  复制了 10 个文件
  E:\CSCI_270_GIT_Repositories\LAHacks\Lab04\\..\Libraries\GLEW\lib\win\x86\glew32.dll
  复制了 1 个文件
